"C:\Program Files\Java\jdk1.8.0_321\bin\java.exe" -agentlib:jdwp=transport=dt_socket,address=127.0.0.1:50092,suspend=y,server=n -Dspring.profiles.active=preferences -javaagent:C:\Users\avootuku\AppData\Local\JetBrains\IdeaIC2021.2\captureAgent\debugger-agent.jar -Dfile.encoding=UTF-8 -classpath "C:\Program Files\Java\jdk1.8.0_321\jre\lib\charsets.jar;C:\Program Files\Java\jdk1.8.0_321\jre\lib\deploy.jar;C:\Program Files\Java\jdk1.8.0_321\jre\lib\ext\access-bridge-64.jar;C:\Program Files\Java\jdk1.8.0_321\jre\lib\ext\cldrdata.jar;C:\Program Files\Java\jdk1.8.0_321\jre\lib\ext\dnsns.jar;C:\Program Files\Java\jdk1.8.0_321\jre\lib\ext\jaccess.jar;C:\Program Files\Java\jdk1.8.0_321\jre\lib\ext\jfxrt.jar;C:\Program Files\Java\jdk1.8.0_321\jre\lib\ext\localedata.jar;C:\Program Files\Java\jdk1.8.0_321\jre\lib\ext\nashorn.jar;C:\Program Files\Java\jdk1.8.0_321\jre\lib\ext\sunec.jar;C:\Program Files\Java\jdk1.8.0_321\jre\lib\ext\sunjce_provider.jar;C:\Program Files\Java\jdk1.8.0_321\jre\lib\ext\sunmscapi.jar;C:\Program Files\Java\jdk1.8.0_321\jre\lib\ext\sunpkcs11.jar;C:\Program Files\Java\jdk1.8.0_321\jre\lib\ext\zipfs.jar;C:\Program Files\Java\jdk1.8.0_321\jre\lib\javaws.jar;C:\Program Files\Java\jdk1.8.0_321\jre\lib\jce.jar;C:\Program Files\Java\jdk1.8.0_321\jre\lib\jfr.jar;C:\Program Files\Java\jdk1.8.0_321\jre\lib\jfxswt.jar;C:\Program Files\Java\jdk1.8.0_321\jre\lib\jsse.jar;C:\Program Files\Java\jdk1.8.0_321\jre\lib\management-agent.jar;C:\Program Files\Java\jdk1.8.0_321\jre\lib\plugin.jar;C:\Program Files\Java\jdk1.8.0_321\jre\lib\resources.jar;C:\Program Files\Java\jdk1.8.0_321\jre\lib\rt.jar;C:\Users\avootuku\Downloads\migration-scheduler\target\classes;C:\Users\avootuku\.m2\repo\org\springframework\kafka\spring-kafka\2.5.0.RELEASE\spring-kafka-2.5.0.RELEASE.jar;C:\Users\avootuku\.m2\repo\org\springframework\spring-context\5.2.6.RELEASE\spring-context-5.2.6.RELEASE.jar;C:\Users\avootuku\.m2\repo\org\springframework\spring-aop\5.2.6.RELEASE\spring-aop-5.2.6.RELEASE.jar;C:\Users\avootuku\.m2\repo\org\springframework\spring-beans\5.2.6.RELEASE\spring-beans-5.2.6.RELEASE.jar;C:\Users\avootuku\.m2\repo\org\springframework\spring-expression\5.2.6.RELEASE\spring-expression-5.2.6.RELEASE.jar;C:\Users\avootuku\.m2\repo\org\springframework\spring-messaging\5.2.6.RELEASE\spring-messaging-5.2.6.RELEASE.jar;C:\Users\avootuku\.m2\repo\org\springframework\spring-tx\5.2.6.RELEASE\spring-tx-5.2.6.RELEASE.jar;C:\Users\avootuku\.m2\repo\org\springframework\retry\spring-retry\1.2.5.RELEASE\spring-retry-1.2.5.RELEASE.jar;C:\Users\avootuku\.m2\repo\org\apache\kafka\kafka-clients\2.5.0\kafka-clients-2.5.0.jar;C:\Users\avootuku\.m2\repo\com\github\luben\zstd-jni\1.4.4-7\zstd-jni-1.4.4-7.jar;C:\Users\avootuku\.m2\repo\org\lz4\lz4-java\1.7.1\lz4-java-1.7.1.jar;C:\Users\avootuku\.m2\repo\org\xerial\snappy\snappy-java\1.1.7.3\snappy-java-1.1.7.3.jar;C:\Users\avootuku\.m2\repo\commons-lang\commons-lang\2.2\commons-lang-2.2.jar;C:\Users\avootuku\.m2\repo\com\fasterxml\jackson\core\jackson-core\2.11.0\jackson-core-2.11.0.jar;C:\Users\avootuku\.m2\repo\org\apache\avro\avro\1.11.1\avro-1.11.1.jar;C:\Users\avootuku\.m2\repo\org\apache\commons\commons-compress\1.21\commons-compress-1.21.jar;C:\Users\avootuku\.m2\repo\org\slf4j\slf4j-api\1.7.30\slf4j-api-1.7.30.jar;C:\Users\avootuku\.m2\repo\com\fasterxml\jackson\core\jackson-databind\2.11.0\jackson-databind-2.11.0.jar;C:\Users\avootuku\.m2\repo\joda-time\joda-time\2.11.1\joda-time-2.11.1.jar;C:\Users\avootuku\.m2\repo\com\fasterxml\jackson\core\jackson-annotations\2.11.0\jackson-annotations-2.11.0.jar;C:\Users\avootuku\.m2\repo\org\springframework\cloud\spring-cloud-stream-binder-kafka\3.2.5\spring-cloud-stream-binder-kafka-3.2.5.jar;C:\Users\avootuku\.m2\repo\org\springframework\cloud\spring-cloud-stream-binder-kafka-core\3.2.5\spring-cloud-stream-binder-kafka-core-3.2.5.jar;C:\Users\avootuku\.m2\repo\org\springframework\integration\spring-integration-kafka\5.5.14\spring-integration-kafka-5.5.14.jar;C:\Users\avootuku\.m2\repo\org\springframework\cloud\spring-cloud-stream\3.2.5\spring-cloud-stream-3.2.5.jar;C:\Users\avootuku\.m2\repo\org\springframework\boot\spring-boot-starter-validation\2.3.0.RELEASE\spring-boot-starter-validation-2.3.0.RELEASE.jar;C:\Users\avootuku\.m2\repo\org\hibernate\validator\hibernate-validator\6.1.5.Final\hibernate-validator-6.1.5.Final.jar;C:\Users\avootuku\.m2\repo\jakarta\validation\jakarta.validation-api\2.0.2\jakarta.validation-api-2.0.2.jar;C:\Users\avootuku\.m2\repo\org\springframework\integration\spring-integration-core\5.3.0.RELEASE\spring-integration-core-5.3.0.RELEASE.jar;C:\Users\avootuku\.m2\repo\io\projectreactor\reactor-core\3.3.5.RELEASE\reactor-core-3.3.5.RELEASE.jar;C:\Users\avootuku\.m2\repo\org\reactivestreams\reactive-streams\1.0.3\reactive-streams-1.0.3.jar;C:\Users\avootuku\.m2\repo\org\springframework\integration\spring-integration-jmx\5.3.0.RELEASE\spring-integration-jmx-5.3.0.RELEASE.jar;C:\Users\avootuku\.m2\repo\org\springframework\cloud\spring-cloud-function-context\3.2.7\spring-cloud-function-context-3.2.7.jar;C:\Users\avootuku\.m2\repo\net\jodah\typetools\0.6.2\typetools-0.6.2.jar;C:\Users\avootuku\.m2\repo\org\springframework\cloud\spring-cloud-function-core\3.2.7\spring-cloud-function-core-3.2.7.jar;C:\Users\avootuku\.m2\repo\javax\annotation\javax.annotation-api\1.3.2\javax.annotation-api-1.3.2.jar;C:\Users\avootuku\.m2\repo\org\jetbrains\kotlin\kotlin-stdlib-jdk8\1.3.72\kotlin-stdlib-jdk8-1.3.72.jar;C:\Users\avootuku\.m2\repo\org\jetbrains\kotlin\kotlin-stdlib\1.3.72\kotlin-stdlib-1.3.72.jar;C:\Users\avootuku\.m2\repo\org\jetbrains\kotlin\kotlin-stdlib-common\1.3.72\kotlin-stdlib-common-1.3.72.jar;C:\Users\avootuku\.m2\repo\org\jetbrains\annotations\13.0\annotations-13.0.jar;C:\Users\avootuku\.m2\repo\org\jetbrains\kotlin\kotlin-stdlib-jdk7\1.3.72\kotlin-stdlib-jdk7-1.3.72.jar;C:\Users\avootuku\.m2\repo\org\apache\kafka\kafka-clients\3.0.1\kafka-clients-3.0.1-test.jar;C:\Users\avootuku\.m2\repo\org\apache\kafka\kafka_2.13\2.5.0\kafka_2.13-2.5.0.jar;C:\Users\avootuku\.m2\repo\com\fasterxml\jackson\module\jackson-module-scala_2.13\2.11.0\jackson-module-scala_2.13-2.11.0.jar;C:\Users\avootuku\.m2\repo\com\fasterxml\jackson\module\jackson-module-paranamer\2.11.0\jackson-module-paranamer-2.11.0.jar;C:\Users\avootuku\.m2\repo\com\thoughtworks\paranamer\paranamer\2.8\paranamer-2.8.jar;C:\Users\avootuku\.m2\repo\com\fasterxml\jackson\dataformat\jackson-dataformat-csv\2.11.0\jackson-dataformat-csv-2.11.0.jar;C:\Users\avootuku\.m2\repo\com\fasterxml\jackson\datatype\jackson-datatype-jdk8\2.11.0\jackson-datatype-jdk8-2.11.0.jar;C:\Users\avootuku\.m2\repo\net\sf\jopt-simple\jopt-simple\5.0.4\jopt-simple-5.0.4.jar;C:\Users\avootuku\.m2\repo\com\yammer\metrics\metrics-core\2.2.0\metrics-core-2.2.0.jar;C:\Users\avootuku\.m2\repo\org\scala-lang\modules\scala-collection-compat_2.13\2.1.3\scala-collection-compat_2.13-2.1.3.jar;C:\Users\avootuku\.m2\repo\org\scala-lang\modules\scala-java8-compat_2.13\0.9.0\scala-java8-compat_2.13-0.9.0.jar;C:\Users\avootuku\.m2\repo\org\scala-lang\scala-library\2.13.1\scala-library-2.13.1.jar;C:\Users\avootuku\.m2\repo\org\scala-lang\scala-reflect\2.13.1\scala-reflect-2.13.1.jar;C:\Users\avootuku\.m2\repo\com\typesafe\scala-logging\scala-logging_2.13\3.9.2\scala-logging_2.13-3.9.2.jar;C:\Users\avootuku\.m2\repo\org\apache\zookeeper\zookeeper\3.5.7\zookeeper-3.5.7.jar;C:\Users\avootuku\.m2\repo\org\apache\zookeeper\zookeeper-jute\3.5.7\zookeeper-jute-3.5.7.jar;C:\Users\avootuku\.m2\repo\org\apache\yetus\audience-annotations\0.5.0\audience-annotations-0.5.0.jar;C:\Users\avootuku\.m2\repo\io\netty\netty-handler\4.1.49.Final\netty-handler-4.1.49.Final.jar;C:\Users\avootuku\.m2\repo\io\netty\netty-common\4.1.49.Final\netty-common-4.1.49.Final.jar;C:\Users\avootuku\.m2\repo\io\netty\netty-resolver\4.1.49.Final\netty-resolver-4.1.49.Final.jar;C:\Users\avootuku\.m2\repo\io\netty\netty-buffer\4.1.49.Final\netty-buffer-4.1.49.Final.jar;C:\Users\avootuku\.m2\repo\io\netty\netty-transport\4.1.49.Final\netty-transport-4.1.49.Final.jar;C:\Users\avootuku\.m2\repo\io\netty\netty-codec\4.1.49.Final\netty-codec-4.1.49.Final.jar;C:\Users\avootuku\.m2\repo\io\netty\netty-transport-native-epoll\4.1.49.Final\netty-transport-native-epoll-4.1.49.Final.jar;C:\Users\avootuku\.m2\repo\io\netty\netty-transport-native-unix-common\4.1.49.Final\netty-transport-native-unix-common-4.1.49.Final.jar;C:\Users\avootuku\.m2\repo\commons-cli\commons-cli\1.4\commons-cli-1.4.jar;C:\Users\avootuku\.m2\repo\org\apache\kafka\kafka_2.13\3.0.1\kafka_2.13-3.0.1-test.jar;C:\Users\avootuku\.m2\repo\org\apache\kafka\kafka-server-common\3.0.1\kafka-server-common-3.0.1.jar;C:\Users\avootuku\.m2\repo\org\apache\kafka\kafka-metadata\3.0.1\kafka-metadata-3.0.1.jar;C:\Users\avootuku\.m2\repo\org\apache\kafka\kafka-raft\3.0.1\kafka-raft-3.0.1.jar;C:\Users\avootuku\.m2\repo\org\apache\kafka\kafka-storage\3.0.1\kafka-storage-3.0.1.jar;C:\Users\avootuku\.m2\repo\org\apache\kafka\kafka-storage-api\3.0.1\kafka-storage-api-3.0.1.jar;C:\Users\avootuku\.m2\repo\net\sourceforge\argparse4j\argparse4j\0.7.0\argparse4j-0.7.0.jar;C:\Users\avootuku\.m2\repo\io\dropwizard\metrics\metrics-core\4.1.7\metrics-core-4.1.7.jar;C:\Users\avootuku\.m2\repo\org\springframework\cloud\spring-cloud-stream-schema\2.2.1.RELEASE\spring-cloud-stream-schema-2.2.1.RELEASE.jar;C:\Users\avootuku\.m2\repo\org\springframework\boot\spring-boot-starter-web\2.3.0.RELEASE\spring-boot-starter-web-2.3.0.RELEASE.jar;C:\Users\avootuku\.m2\repo\org\springframework\boot\spring-boot-starter\2.3.0.RELEASE\spring-boot-starter-2.3.0.RELEASE.jar;C:\Users\avootuku\.m2\repo\org\springframework\boot\spring-boot\2.3.0.RELEASE\spring-boot-2.3.0.RELEASE.jar;C:\Users\avootuku\.m2\repo\org\springframework\boot\spring-boot-autoconfigure\2.3.0.RELEASE\spring-boot-autoconfigure-2.3.0.RELEASE.jar;C:\Users\avootuku\.m2\repo\org\springframework\boot\spring-boot-starter-logging\2.3.0.RELEASE\spring-boot-starter-logging-2.3.0.RELEASE.jar;C:\Users\avootuku\.m2\repo\ch\qos\logback\logback-classic\1.2.3\logback-classic-1.2.3.jar;C:\Users\avootuku\.m2\repo\ch\qos\logback\logback-core\1.2.3\logback-core-1.2.3.jar;C:\Users\avootuku\.m2\repo\org\apache\logging\log4j\log4j-to-slf4j\2.13.2\log4j-to-slf4j-2.13.2.jar;C:\Users\avootuku\.m2\repo\org\slf4j\jul-to-slf4j\1.7.30\jul-to-slf4j-1.7.30.jar;C:\Users\avootuku\.m2\repo\jakarta\annotation\jakarta.annotation-api\1.3.5\jakarta.annotation-api-1.3.5.jar;C:\Users\avootuku\.m2\repo\org\yaml\snakeyaml\1.26\snakeyaml-1.26.jar;C:\Users\avootuku\.m2\repo\org\springframework\boot\spring-boot-starter-json\2.3.0.RELEASE\spring-boot-starter-json-2.3.0.RELEASE.jar;C:\Users\avootuku\.m2\repo\com\fasterxml\jackson\datatype\jackson-datatype-jsr310\2.11.0\jackson-datatype-jsr310-2.11.0.jar;C:\Users\avootuku\.m2\repo\com\fasterxml\jackson\module\jackson-module-parameter-names\2.11.0\jackson-module-parameter-names-2.11.0.jar;C:\Users\avootuku\.m2\repo\org\springframework\boot\spring-boot-starter-tomcat\2.3.0.RELEASE\spring-boot-starter-tomcat-2.3.0.RELEASE.jar;C:\Users\avootuku\.m2\repo\org\apache\tomcat\embed\tomcat-embed-core\9.0.35\tomcat-embed-core-9.0.35.jar;C:\Users\avootuku\.m2\repo\org\glassfish\jakarta.el\3.0.3\jakarta.el-3.0.3.jar;C:\Users\avootuku\.m2\repo\org\apache\tomcat\embed\tomcat-embed-websocket\9.0.35\tomcat-embed-websocket-9.0.35.jar;C:\Users\avootuku\.m2\repo\org\springframework\spring-web\5.2.6.RELEASE\spring-web-5.2.6.RELEASE.jar;C:\Users\avootuku\.m2\repo\org\springframework\spring-webmvc\5.2.6.RELEASE\spring-webmvc-5.2.6.RELEASE.jar;C:\Users\avootuku\.m2\repo\org\springframework\boot\spring-boot-starter-data-jpa\2.3.0.RELEASE\spring-boot-starter-data-jpa-2.3.0.RELEASE.jar;C:\Users\avootuku\.m2\repo\org\springframework\boot\spring-boot-starter-aop\2.3.0.RELEASE\spring-boot-starter-aop-2.3.0.RELEASE.jar;C:\Users\avootuku\.m2\repo\org\aspectj\aspectjweaver\1.9.5\aspectjweaver-1.9.5.jar;C:\Users\avootuku\.m2\repo\org\springframework\boot\spring-boot-starter-jdbc\2.3.0.RELEASE\spring-boot-starter-jdbc-2.3.0.RELEASE.jar;C:\Users\avootuku\.m2\repo\com\zaxxer\HikariCP\3.4.5\HikariCP-3.4.5.jar;C:\Users\avootuku\.m2\repo\org\springframework\spring-jdbc\5.2.6.RELEASE\spring-jdbc-5.2.6.RELEASE.jar;C:\Users\avootuku\.m2\repo\jakarta\transaction\jakarta.transaction-api\1.3.3\jakarta.transaction-api-1.3.3.jar;C:\Users\avootuku\.m2\repo\jakarta\persistence\jakarta.persistence-api\2.2.3\jakarta.persistence-api-2.2.3.jar;C:\Users\avootuku\.m2\repo\org\hibernate\hibernate-core\5.4.15.Final\hibernate-core-5.4.15.Final.jar;C:\Users\avootuku\.m2\repo\org\jboss\logging\jboss-logging\3.4.1.Final\jboss-logging-3.4.1.Final.jar;C:\Users\avootuku\.m2\repo\org\javassist\javassist\3.24.0-GA\javassist-3.24.0-GA.jar;C:\Users\avootuku\.m2\repo\net\bytebuddy\byte-buddy\1.10.10\byte-buddy-1.10.10.jar;C:\Users\avootuku\.m2\repo\antlr\antlr\2.7.7\antlr-2.7.7.jar;C:\Users\avootuku\.m2\repo\org\jboss\jandex\2.1.3.Final\jandex-2.1.3.Final.jar;C:\Users\avootuku\.m2\repo\com\fasterxml\classmate\1.5.1\classmate-1.5.1.jar;C:\Users\avootuku\.m2\repo\org\dom4j\dom4j\2.1.3\dom4j-2.1.3.jar;C:\Users\avootuku\.m2\repo\org\hibernate\common\hibernate-commons-annotations\5.1.0.Final\hibernate-commons-annotations-5.1.0.Final.jar;C:\Users\avootuku\.m2\repo\org\glassfish\jaxb\jaxb-runtime\2.3.3\jaxb-runtime-2.3.3.jar;C:\Users\avootuku\.m2\repo\org\glassfish\jaxb\txw2\2.3.3\txw2-2.3.3.jar;C:\Users\avootuku\.m2\repo\com\sun\istack\istack-commons-runtime\3.0.11\istack-commons-runtime-3.0.11.jar;C:\Users\avootuku\.m2\repo\com\sun\activation\jakarta.activation\1.2.2\jakarta.activation-1.2.2.jar;C:\Users\avootuku\.m2\repo\org\springframework\data\spring-data-jpa\2.3.0.RELEASE\spring-data-jpa-2.3.0.RELEASE.jar;C:\Users\avootuku\.m2\repo\org\springframework\data\spring-data-commons\2.3.0.RELEASE\spring-data-commons-2.3.0.RELEASE.jar;C:\Users\avootuku\.m2\repo\org\springframework\spring-orm\5.2.6.RELEASE\spring-orm-5.2.6.RELEASE.jar;C:\Users\avootuku\.m2\repo\org\springframework\spring-aspects\5.2.6.RELEASE\spring-aspects-5.2.6.RELEASE.jar;C:\Users\avootuku\.m2\repo\com\oracle\jdbc\ojdbc8\12.2.0.1\ojdbc8-12.2.0.1.jar;C:\Users\avootuku\.m2\repo\jakarta\xml\bind\jakarta.xml.bind-api\2.3.3\jakarta.xml.bind-api-2.3.3.jar;C:\Users\avootuku\.m2\repo\jakarta\activation\jakarta.activation-api\1.2.2\jakarta.activation-api-1.2.2.jar;C:\Users\avootuku\.m2\repo\org\springframework\spring-core\5.2.6.RELEASE\spring-core-5.2.6.RELEASE.jar;C:\Users\avootuku\.m2\repo\org\springframework\spring-jcl\5.2.6.RELEASE\spring-jcl-5.2.6.RELEASE.jar;C:\Program Files (x86)\JetBrains\IntelliJ IDEA Community Edition 2021.2.2\lib\idea_rt.jar" com.uhc.SpringBootHelloWorldApplication
Connected to the target VM, address: '127.0.0.1:50092', transport: 'socket'
2022-09-20 20:37:43 INFO  c.u.SpringBootHelloWorldApplication - Starting SpringBootHelloWorldApplication on LHTU05CG2087V9B with PID 6012 (C:\Users\avootuku\Downloads\migration-scheduler\target\classes started by avootuku in C:\Users\avootuku\Downloads\migration-scheduler)
2022-09-20 20:37:43 INFO  c.u.SpringBootHelloWorldApplication - The following profiles are active: preferences
2022-09-20 20:37:43 WARN  o.s.h.c.j.Jackson2ObjectMapperBuilder - For Jackson Kotlin classes support please add "com.fasterxml.jackson.module:jackson-module-kotlin" to the classpath
2022-09-20 20:37:44 INFO  o.s.d.r.c.RepositoryConfigurationDelegate - Bootstrapping Spring Data JPA repositories in DEFERRED mode.
2022-09-20 20:37:44 INFO  o.s.d.r.c.RepositoryConfigurationDelegate - Finished Spring Data repository scanning in 177ms. Found 2 JPA repository interfaces.
2022-09-20 20:37:44 INFO  o.s.i.c.DefaultConfiguringBeanFactoryPostProcessor - No bean named 'errorChannel' has been explicitly defined. Therefore, a default PublishSubscribeChannel will be created.
2022-09-20 20:37:44 INFO  o.s.i.c.DefaultConfiguringBeanFactoryPostProcessor - No bean named 'taskScheduler' has been explicitly defined. Therefore, a default ThreadPoolTaskScheduler will be created.
2022-09-20 20:37:45 INFO  o.s.i.c.DefaultConfiguringBeanFactoryPostProcessor - No bean named 'integrationHeaderChannelRegistry' has been explicitly defined. Therefore, a default DefaultHeaderChannelRegistry will be created.
2022-09-20 20:37:45 INFO  o.s.c.s.PostProcessorRegistrationDelegate$BeanPostProcessorChecker - Bean 'org.springframework.integration.config.IntegrationManagementConfiguration' of type [org.springframework.integration.config.IntegrationManagementConfiguration] is not eligible for getting processed by all BeanPostProcessors (for example: not eligible for auto-proxying)
2022-09-20 20:37:45 INFO  o.s.c.s.PostProcessorRegistrationDelegate$BeanPostProcessorChecker - Bean 'integrationChannelResolver' of type [org.springframework.integration.support.channel.BeanFactoryChannelResolver] is not eligible for getting processed by all BeanPostProcessors (for example: not eligible for auto-proxying)
2022-09-20 20:37:45 INFO  o.s.c.s.PostProcessorRegistrationDelegate$BeanPostProcessorChecker - Bean 'integrationDisposableAutoCreatedBeans' of type [org.springframework.integration.config.annotation.Disposables] is not eligible for getting processed by all BeanPostProcessors (for example: not eligible for auto-proxying)
2022-09-20 20:37:45 INFO  o.s.b.w.e.tomcat.TomcatWebServer - Tomcat initialized with port(s): 8080 (http)
2022-09-20 20:37:45 INFO  o.a.catalina.core.StandardService - Starting service [Tomcat]
2022-09-20 20:37:45 INFO  o.a.catalina.core.StandardEngine - Starting Servlet engine: [Apache Tomcat/9.0.35]
2022-09-20 20:37:45 INFO  o.a.c.c.C.[Tomcat].[localhost].[/] - Initializing Spring embedded WebApplicationContext
2022-09-20 20:37:45 INFO  o.s.web.context.ContextLoader - Root WebApplicationContext: initialization completed in 2576 ms
2022-09-20 20:37:46 INFO  o.s.s.c.ThreadPoolTaskExecutor - Initializing ExecutorService 'applicationTaskExecutor'
2022-09-20 20:37:46 INFO  o.s.s.c.ThreadPoolTaskScheduler - Initializing ExecutorService 'taskScheduler'
2022-09-20 20:37:46 INFO  com.zaxxer.hikari.HikariDataSource - HikariPool-1 - Starting...
2022-09-20 20:37:47 INFO  com.zaxxer.hikari.HikariDataSource - HikariPool-1 - Start completed.
2022-09-20 20:37:47 INFO  o.h.jpa.internal.util.LogHelper - HHH000204: Processing PersistenceUnitInfo [name: default]
2022-09-20 20:37:48 INFO  org.hibernate.Version - HHH000412: Hibernate ORM core version 5.4.15.Final
2022-09-20 20:37:48 WARN  o.s.b.a.o.j.JpaBaseConfiguration$JpaWebConfiguration - spring.jpa.open-in-view is enabled by default. Therefore, database queries may be performed during view rendering. Explicitly configure spring.jpa.open-in-view to disable this warning
2022-09-20 20:37:48 INFO  o.h.annotations.common.Version - HCANN000001: Hibernate Commons Annotations {5.1.0.Final}
2022-09-20 20:37:48 INFO  org.hibernate.dialect.Dialect - HHH000400: Using dialect: org.hibernate.dialect.Oracle12cDialect
2022-09-20 20:37:50 INFO  o.h.e.t.j.p.i.JtaPlatformInitiator - HHH000490: Using JtaPlatform implementation: [org.hibernate.engine.transaction.jta.platform.internal.NoJtaPlatform]
2022-09-20 20:37:50 INFO  o.s.o.j.LocalContainerEntityManagerFactoryBean - Initialized JPA EntityManagerFactory for persistence unit 'default'
2022-09-20 20:37:51 INFO  o.s.c.f.c.c.BeanFactoryAwareFunctionRegistry - Can't determine default function definition. Please use 'spring.cloud.function.definition' property to explicitly define it.
2022-09-20 20:37:51 INFO  o.s.i.endpoint.EventDrivenConsumer - Adding {logging-channel-adapter:_org.springframework.integration.errorLogger} as a subscriber to the 'errorChannel' channel
2022-09-20 20:37:51 INFO  o.s.i.c.PublishSubscribeChannel - Channel 'application.errorChannel' has 1 subscriber(s).
2022-09-20 20:37:51 INFO  o.s.i.endpoint.EventDrivenConsumer - started bean '_org.springframework.integration.errorLogger'
2022-09-20 20:37:51 INFO  o.s.b.w.e.tomcat.TomcatWebServer - Tomcat started on port(s): 8080 (http) with context path ''
2022-09-20 20:37:51 INFO  o.s.d.r.c.DeferredRepositoryInitializationListener - Triggering deferred initialization of Spring Data repositories…
2022-09-20 20:37:51 INFO  o.s.d.r.c.DeferredRepositoryInitializationListener - Spring Data repositories initialized!
2022-09-20 20:37:51 INFO  c.u.SpringBootHelloWorldApplication - Started SpringBootHelloWorldApplication in 8.885 seconds (JVM running for 9.573)
2022-09-20 20:37:53 INFO  o.a.c.c.C.[Tomcat].[localhost].[/] - Initializing Spring DispatcherServlet 'dispatcherServlet'
2022-09-20 20:37:53 INFO  o.s.web.servlet.DispatcherServlet - Initializing Servlet 'dispatcherServlet'
2022-09-20 20:37:53 INFO  o.s.web.servlet.DispatcherServlet - Completed initialization in 9 ms
2022-09-20 20:37:58 DEBUG org.hibernate.SQL - select pt.individual_id, pt.src_sys, pt.cat_cd, pt.topic_cd, pt.prop_cd, pt.select_eff_dt, pt.pref_cd, pt.rec_status, pt.msg_status, pt.src_creat_by, pt.src_creat_dt, pt.src_lst_mod_by, pt.src_lst_mod_dt, pt.creat_by, pt.creat_dt, pt.lst_mod_by, pt.lst_mod_dt, ps.src_sys, ps.permission
from eim.stg_preferences_topic PT
LEFT OUTER JOIN eim.stg_preferences_security PS ON
PT.Preferences_Id=PS.Preferences_Id
JOIN eim.etl_batch_log B ON
PT.BATCH_ID=B.BATCH_ID
WHERE batch_status='KAFKA_READY'
ORDER BY pt.individual_id, ps.src_sys
2022-09-20 20:38:51 WARN  com.zaxxer.hikari.pool.HikariPool - HikariPool-1 - Thread starvation or clock leap detected (housekeeper delta=1m3s662ms733µs600ns).
{"individualIdentifier": "12712660", "individualSourceSystemCode": "COMPAS", "audit": {"createUserIdentifier": "tburke15", "createDatetime": null, "updateUserIdentifier": "tburke15", "updateDatetime": 1658171762000, "sourceSystemCreateUserIdentifier": "UNAUTHENTICATED     ", "sourceSystemCreateDatetime": 1626729131000, "sourceSystemUpdateUserIdentifier": "UNAUTHENTICATED     ", "sourceSystemUpdateDatetime": 1626729131000, "recordStatusCode": "ACTIVE"}, "preferenceSelection": [{"preferenceCategoryCode": null, "preferenceTopicCode": null, "preferencePropertyCode": null, "preferenceSelectionEffectiveDate": null, "preferencePropertyOptionCode": null, "preferenceTopicDescription": null, "preferencePropertyDescription": null, "preferencePropertyOptionDescription": null, "preferencePropertyOptionValue": null, "lastUpdateDateTime": null, "lastUpdateUser": null, "preferenceCategoryDescription": null, "isDefaultSelection": null, "preferenceSelectionTerminationDate": null}], "operational": null, "security": null}
2022-09-20 20:39:01 ERROR o.a.c.c.C.[.[.[.[dispatcherServlet] - Servlet.service() for servlet [dispatcherServlet] in context with path [] threw exception
com.fasterxml.jackson.databind.JsonMappingException: Not a map: {"type":"record","name":"audit","namespace":"com.optum.exts.individual.preference.selection.model","fields":[{"name":"createUserIdentifier","type":["null","string"],"doc":"The Id of who or what performed the object creation. This can be a person or process.","default":null},{"name":"createDatetime","type":["null",{"type":"long","logicalType":"timestamp-micros"}],"doc":"Date and time when the object was created.","default":null},{"name":"updateUserIdentifier","type":["null","string"],"doc":"The Id of who or what performed the object update. This can be a person or process.","default":null},{"name":"updateDatetime","type":["null",{"type":"long","logicalType":"timestamp-micros"}],"doc":"Date and time when the object was updated.","default":null},{"name":"sourceSystemCreateUserIdentifier","type":["null","string"],"doc":"The Id of who or what performed the object creation on the source system. This can be a person or process.","default":null},{"name":"sourceSystemCreateDatetime","type":["null",{"type":"long","logicalType":"timestamp-micros"}],"doc":"The date and time the object was created on the source system.","default":null},{"name":"sourceSystemUpdateUserIdentifier","type":["null","string"],"doc":"The Id of who or what performed the object update on the source system. This can be a person or process.","default":null},{"name":"sourceSystemUpdateDatetime","type":["null",{"type":"long","logicalType":"timestamp-micros"}],"doc":"The date and time the object was updated on the source system.","default":null},{"name":"recordStatusCode","type":["null","string"],"doc":"A code indicating the status of the object. Examples: - Active - Inactive - SoftLogical Delete","default":null}]} (through reference chain: com.uhc.schema.model.preferences.IndividualPreferenceSelection["audit"]->com.uhc.schema.model.preferences.audit["schema"]->org.apache.avro.Schema$RecordSchema["valueType"])
	at com.fasterxml.jackson.databind.JsonMappingException.wrapWithPath(JsonMappingException.java:397)
	at com.fasterxml.jackson.databind.JsonMappingException.wrapWithPath(JsonMappingException.java:356)
	at com.fasterxml.jackson.databind.ser.std.StdSerializer.wrapAndThrow(StdSerializer.java:316)
	at com.fasterxml.jackson.databind.ser.std.BeanSerializerBase.serializeFields(BeanSerializerBase.java:731)
	at com.fasterxml.jackson.databind.ser.BeanSerializer.serialize(BeanSerializer.java:166)
	at com.fasterxml.jackson.databind.ser.BeanPropertyWriter.serializeAsField(BeanPropertyWriter.java:728)
	at com.fasterxml.jackson.databind.ser.std.BeanSerializerBase.serializeFields(BeanSerializerBase.java:723)
	at com.fasterxml.jackson.databind.ser.BeanSerializer.serialize(BeanSerializer.java:166)
	at com.fasterxml.jackson.databind.ser.BeanPropertyWriter.serializeAsField(BeanPropertyWriter.java:728)
	at com.fasterxml.jackson.databind.ser.std.BeanSerializerBase.serializeFields(BeanSerializerBase.java:723)
	at com.fasterxml.jackson.databind.ser.BeanSerializer.serialize(BeanSerializer.java:166)
	at com.fasterxml.jackson.databind.ser.DefaultSerializerProvider._serialize(DefaultSerializerProvider.java:480)
	at com.fasterxml.jackson.databind.ser.DefaultSerializerProvider.serializeValue(DefaultSerializerProvider.java:319)
	at com.fasterxml.jackson.databind.ObjectMapper._configAndWriteValue(ObjectMapper.java:4374)
	at com.fasterxml.jackson.databind.ObjectMapper.writeValueAsString(ObjectMapper.java:3629)
	at com.uhc.controller.ApacheKafkaWebController.preferencesProducer(ApacheKafkaWebController.java:42)
	at sun.reflect.NativeMethodAccessorImpl.invoke0(Native Method)
	at sun.reflect.NativeMethodAccessorImpl.invoke(NativeMethodAccessorImpl.java:62)
	at sun.reflect.DelegatingMethodAccessorImpl.invoke(DelegatingMethodAccessorImpl.java:43)
	at java.lang.reflect.Method.invoke(Method.java:498)
	at org.springframework.web.method.support.InvocableHandlerMethod.doInvoke(InvocableHandlerMethod.java:190)
	at org.springframework.web.method.support.InvocableHandlerMethod.invokeForRequest(InvocableHandlerMethod.java:138)
	at org.springframework.web.servlet.mvc.method.annotation.ServletInvocableHandlerMethod.invokeAndHandle(ServletInvocableHandlerMethod.java:105)
	at org.springframework.web.servlet.mvc.method.annotation.RequestMappingHandlerAdapter.invokeHandlerMethod(RequestMappingHandlerAdapter.java:879)
	at org.springframework.web.servlet.mvc.method.annotation.RequestMappingHandlerAdapter.handleInternal(RequestMappingHandlerAdapter.java:793)
	at org.springframework.web.servlet.mvc.method.AbstractHandlerMethodAdapter.handle(AbstractHandlerMethodAdapter.java:87)
	at org.springframework.web.servlet.DispatcherServlet.doDispatch(DispatcherServlet.java:1040)
	at org.springframework.web.servlet.DispatcherServlet.doService(DispatcherServlet.java:943)
	at org.springframework.web.servlet.FrameworkServlet.processRequest(FrameworkServlet.java:1006)
	at org.springframework.web.servlet.FrameworkServlet.doGet(FrameworkServlet.java:898)
	at javax.servlet.http.HttpServlet.service(HttpServlet.java:634)
	at org.springframework.web.servlet.FrameworkServlet.service(FrameworkServlet.java:883)
	at javax.servlet.http.HttpServlet.service(HttpServlet.java:741)
	at org.apache.catalina.core.ApplicationFilterChain.internalDoFilter(ApplicationFilterChain.java:231)
	at org.apache.catalina.core.ApplicationFilterChain.doFilter(ApplicationFilterChain.java:166)
	at org.apache.tomcat.websocket.server.WsFilter.doFilter(WsFilter.java:53)
	at org.apache.catalina.core.ApplicationFilterChain.internalDoFilter(ApplicationFilterChain.java:193)
	at org.apache.catalina.core.ApplicationFilterChain.doFilter(ApplicationFilterChain.java:166)
	at org.springframework.web.filter.RequestContextFilter.doFilterInternal(RequestContextFilter.java:100)
	at org.springframework.web.filter.OncePerRequestFilter.doFilter(OncePerRequestFilter.java:119)
	at org.apache.catalina.core.ApplicationFilterChain.internalDoFilter(ApplicationFilterChain.java:193)
	at org.apache.catalina.core.ApplicationFilterChain.doFilter(ApplicationFilterChain.java:166)
	at org.springframework.web.filter.FormContentFilter.doFilterInternal(FormContentFilter.java:93)
	at org.springframework.web.filter.OncePerRequestFilter.doFilter(OncePerRequestFilter.java:119)
	at org.apache.catalina.core.ApplicationFilterChain.internalDoFilter(ApplicationFilterChain.java:193)
	at org.apache.catalina.core.ApplicationFilterChain.doFilter(ApplicationFilterChain.java:166)
	at org.springframework.web.filter.CharacterEncodingFilter.doFilterInternal(CharacterEncodingFilter.java:201)
	at org.springframework.web.filter.OncePerRequestFilter.doFilter(OncePerRequestFilter.java:119)
	at org.apache.catalina.core.ApplicationFilterChain.internalDoFilter(ApplicationFilterChain.java:193)
	at org.apache.catalina.core.ApplicationFilterChain.doFilter(ApplicationFilterChain.java:166)
	at org.apache.catalina.core.StandardWrapperValve.invoke(StandardWrapperValve.java:202)
	at org.apache.catalina.core.StandardContextValve.invoke(StandardContextValve.java:96)
	at org.apache.catalina.authenticator.AuthenticatorBase.invoke(AuthenticatorBase.java:541)
	at org.apache.catalina.core.StandardHostValve.invoke(StandardHostValve.java:139)
	at org.apache.catalina.valves.ErrorReportValve.invoke(ErrorReportValve.java:92)
	at org.apache.catalina.core.StandardEngineValve.invoke(StandardEngineValve.java:74)
	at org.apache.catalina.connector.CoyoteAdapter.service(CoyoteAdapter.java:343)
	at org.apache.coyote.http11.Http11Processor.service(Http11Processor.java:373)
	at org.apache.coyote.AbstractProcessorLight.process(AbstractProcessorLight.java:65)
	at org.apache.coyote.AbstractProtocol$ConnectionHandler.process(AbstractProtocol.java:868)
	at org.apache.tomcat.util.net.NioEndpoint$SocketProcessor.doRun(NioEndpoint.java:1590)
	at org.apache.tomcat.util.net.SocketProcessorBase.run(SocketProcessorBase.java:49)
	at java.util.concurrent.ThreadPoolExecutor.runWorker(ThreadPoolExecutor.java:1149)
	at java.util.concurrent.ThreadPoolExecutor$Worker.run(ThreadPoolExecutor.java:624)
	at org.apache.tomcat.util.threads.TaskThread$WrappingRunnable.run(TaskThread.java:61)
	at java.lang.Thread.run(Thread.java:750)
Caused by: org.apache.avro.AvroRuntimeException: Not a map: {"type":"record","name":"audit","namespace":"com.optum.exts.individual.preference.selection.model","fields":[{"name":"createUserIdentifier","type":["null","string"],"doc":"The Id of who or what performed the object creation. This can be a person or process.","default":null},{"name":"createDatetime","type":["null",{"type":"long","logicalType":"timestamp-micros"}],"doc":"Date and time when the object was created.","default":null},{"name":"updateUserIdentifier","type":["null","string"],"doc":"The Id of who or what performed the object update. This can be a person or process.","default":null},{"name":"updateDatetime","type":["null",{"type":"long","logicalType":"timestamp-micros"}],"doc":"Date and time when the object was updated.","default":null},{"name":"sourceSystemCreateUserIdentifier","type":["null","string"],"doc":"The Id of who or what performed the object creation on the source system. This can be a person or process.","default":null},{"name":"sourceSystemCreateDatetime","type":["null",{"type":"long","logicalType":"timestamp-micros"}],"doc":"The date and time the object was created on the source system.","default":null},{"name":"sourceSystemUpdateUserIdentifier","type":["null","string"],"doc":"The Id of who or what performed the object update on the source system. This can be a person or process.","default":null},{"name":"sourceSystemUpdateDatetime","type":["null",{"type":"long","logicalType":"timestamp-micros"}],"doc":"The date and time the object was updated on the source system.","default":null},{"name":"recordStatusCode","type":["null","string"],"doc":"A code indicating the status of the object. Examples: - Active - Inactive - SoftLogical Delete","default":null}]}
	at org.apache.avro.Schema.getValueType(Schema.java:375)
	at sun.reflect.NativeMethodAccessorImpl.invoke0(Native Method)
	at sun.reflect.NativeMethodAccessorImpl.invoke(NativeMethodAccessorImpl.java:62)
	at sun.reflect.DelegatingMethodAccessorImpl.invoke(DelegatingMethodAccessorImpl.java:43)
	at java.lang.reflect.Method.invoke(Method.java:498)
	at com.fasterxml.jackson.databind.ser.BeanPropertyWriter.serializeAsField(BeanPropertyWriter.java:689)
	at com.fasterxml.jackson.databind.ser.std.BeanSerializerBase.serializeFields(BeanSerializerBase.java:723)
	... 62 common frames omitted
